Build started 02.04.2014 10:15:08.
     1>Project "C:\Users\Даниил\ICG-GL-Lab2\ICG-GL-Lab2\ICG-GL-Lab2.vcxproj" on node 2 (Build target(s)).
     1>InitializeBuildStatus:
         Touching "Debug\ICG-GL-Lab2.unsuccessfulbuild".
       ClCompile:
         C:\Program Files (x86)\Microsoft Visual Studio 11.0\VC\bin\CL.exe /c /ZI /nologo /W3 /WX- /Od /Oy- /D WIN32 /D _DEBUG /D _WINDOWS /D _UNICODE /D UNICODE /Gm /EHsc /RTC1 /MDd /GS /fp:precise /Zc:wchar_t /Zc:forScope /Fo"Debug\\" /Fd"Debug\vc110.pdb" /Gd /TP /analyze- /errorReport:prompt glModel.cpp
         glModel.cpp
       Link:
         C:\Program Files (x86)\Microsoft Visual Studio 11.0\VC\bin\link.exe /ERRORREPORT:PROMPT /OUT:"C:\Users\Даниил\ICG-GL-Lab2\Debug\ICG-GL-Lab2.exe" /INCREMENTAL /NOLOGO kernel32.lib user32.lib gdi32.lib winspool.lib comdlg32.lib advapi32.lib shell32.lib ole32.lib oleaut32.lib uuid.lib odbc32.lib odbccp32.lib /MANIFEST /MANIFESTUAC:"level='asInvoker' uiAccess='false'" /manifest:embed /DEBUG /PDB:"C:\Users\Даниил\ICG-GL-Lab2\Debug\ICG-GL-Lab2.pdb" /SUBSYSTEM:WINDOWS /TLBID:1 /DYNAMICBASE /NXCOMPAT /IMPLIB:"C:\Users\Даниил\ICG-GL-Lab2\Debug\ICG-GL-Lab2.lib" /MACHINE:X86 Debug\glCtrl.obj
         Debug\glModel.obj
         Debug\glShader.obj
         Debug\glView.obj
         Debug\main.obj
         Debug\WinProc.obj
         Debug\WinApp.obj
         Debug\WinCtrl.obj
         ICG-GL-Lab2.vcxproj -> C:\Users\Даниил\ICG-GL-Lab2\Debug\ICG-GL-Lab2.exe
       FinalizeBuildStatus:
         Deleting file "Debug\ICG-GL-Lab2.unsuccessfulbuild".
         Touching "Debug\ICG-GL-Lab2.lastbuildstate".
     1>Done Building Project "C:\Users\Даниил\ICG-GL-Lab2\ICG-GL-Lab2\ICG-GL-Lab2.vcxproj" (Build target(s)).

Build succeeded.

Time Elapsed 00:00:10.38
