C:\USERS\Даниил\ICG-GL-LAB2\ICG-GL-LAB2\DEBUG\GLCTRL.OBJ
C:\USERS\Даниил\ICG-GL-LAB2\ICG-GL-LAB2\DEBUG\GLMODEL.OBJ
C:\USERS\Даниил\ICG-GL-LAB2\ICG-GL-LAB2\DEBUG\GLSHADER.OBJ
C:\USERS\Даниил\ICG-GL-LAB2\ICG-GL-LAB2\DEBUG\GLVIEW.OBJ
C:\USERS\Даниил\ICG-GL-LAB2\ICG-GL-LAB2\DEBUG\MAIN.OBJ
C:\USERS\Даниил\ICG-GL-LAB2\ICG-GL-LAB2\DEBUG\WINPROC.OBJ
C:\USERS\Даниил\ICG-GL-LAB2\ICG-GL-LAB2\DEBUG\WINAPP.OBJ
C:\USERS\Даниил\ICG-GL-LAB2\ICG-GL-LAB2\DEBUG\WINCTRL.OBJ
C:\USERS\ДАНИИЛ\ICG-GL-LAB2\ICG-GL-LAB2\DEBUG\VC110.PDB
C:\USERS\Даниил\ICG-GL-LAB2\DEBUG\ICG-GL-LAB2.ILK
C:\USERS\Даниил\ICG-GL-LAB2\DEBUG\ICG-GL-LAB2.EXE
C:\USERS\ДАНИИЛ\ICG-GL-LAB2\DEBUG\ICG-GL-LAB2.PDB
C:\Users\Даниил\ICG-GL-Lab2\ICG-GL-Lab2\Debug\glCtrl.obj
C:\Users\Даниил\ICG-GL-Lab2\ICG-GL-Lab2\Debug\glModel.obj
C:\Users\Даниил\ICG-GL-Lab2\ICG-GL-Lab2\Debug\glShader.obj
C:\Users\Даниил\ICG-GL-Lab2\ICG-GL-Lab2\Debug\glView.obj
C:\Users\Даниил\ICG-GL-Lab2\ICG-GL-Lab2\Debug\main.obj
C:\Users\Даниил\ICG-GL-Lab2\ICG-GL-Lab2\Debug\WinApp.obj
C:\Users\Даниил\ICG-GL-Lab2\ICG-GL-Lab2\Debug\WinCtrl.obj
C:\Users\Даниил\ICG-GL-Lab2\ICG-GL-Lab2\Debug\WinProc.obj
C:\Users\Даниил\ICG-GL-Lab2\ICG-GL-Lab2\Debug\cl.command.1.tlog
C:\Users\Даниил\ICG-GL-Lab2\ICG-GL-Lab2\Debug\CL.read.1.tlog
C:\Users\Даниил\ICG-GL-Lab2\ICG-GL-Lab2\Debug\CL.write.1.tlog
C:\Users\Даниил\ICG-GL-Lab2\ICG-GL-Lab2\Debug\link-cvtres.read.1.tlog
C:\Users\Даниил\ICG-GL-Lab2\ICG-GL-Lab2\Debug\link-cvtres.write.1.tlog
C:\Users\Даниил\ICG-GL-Lab2\ICG-GL-Lab2\Debug\link-rc.read.1.tlog
C:\Users\Даниил\ICG-GL-Lab2\ICG-GL-Lab2\Debug\link-rc.write.1.tlog
C:\Users\Даниил\ICG-GL-Lab2\ICG-GL-Lab2\Debug\link.command.1.tlog
C:\Users\Даниил\ICG-GL-Lab2\ICG-GL-Lab2\Debug\link.read.1.tlog
C:\Users\Даниил\ICG-GL-Lab2\ICG-GL-Lab2\Debug\link.write.1.tlog
C:\Users\Даниил\ICG-GL-Lab2\ICG-GL-Lab2\Debug\vc110.idb
C:\Users\Даниил\ICG-GL-Lab2\ICG-GL-Lab2\Debug\vc110.pdb
C:\Users\Даниил\ICG-GL-Lab2\Debug\ICG-GL-Lab2.pdb
C:\Users\Даниил\ICG-GL-Lab2\Debug\ICG-GL-Lab2.exe
C:\Users\Даниил\ICG-GL-Lab2\Debug\ICG-GL-Lab2.ilk
